<?xml version="1.0" encoding="UTF-8"?>
<!-- Generated by org.testng.reporters.JUnitReportReporter -->
<testsuite hostname="ADJ-Azuz-STRIX" failures="0" tests="1" name="SumPrice" time="1.434" errors="0" timestamp="2023-03-11T09:50:00 GST" skipped="0">
  <testcase classname="SumPrice" name="sumValidations" time="1.434"/>
  <system-out/>
</testsuite> <!-- SumPrice -->
