<?xml version="1.0" encoding="UTF-8"?>
<!-- Generated by org.testng.reporters.JUnitReportReporter -->
<testsuite hostname="ADJ-Azuz-STRIX" failures="0" tests="3" name="dynamicJson" time="2.642" errors="0" timestamp="2023-03-13T09:33:19 GST" skipped="0">
  <testcase classname="dynamicJson" name="addBook" time="2.106"/>
  <system-out/>
  <testcase classname="dynamicJson" name="addBook" time="0.271"/>
  <system-out/>
  <testcase classname="dynamicJson" name="addBook" time="0.265"/>
  <system-out/>
</testsuite> <!-- dynamicJson -->
