<?xml version="1.0" encoding="UTF-8"?>
<!-- Generated by org.testng.reporters.JUnitReportReporter -->
<testsuite hostname="ADJ-Azuz-STRIX" failures="0" tests="1" name="JiraApi" time="2.360" errors="0" timestamp="2023-03-14T12:15:37 GST" skipped="0">
  <testcase classname="JiraApi" name="Jira" time="2.360"/>
  <system-out/>
</testsuite> <!-- JiraApi -->
